<?xml version="1.0" encoding="UTF-8"?>
<!-- Generated by org.testng.reporters.JUnitXMLReporter -->
<testsuite hostname="U2-IT-NB236" name="Default test" tests="5" failures="0" timestamp="16 May 2018 05:58:45 GMT" time="212.328" errors="0">
  <testcase name="login" time="35.821" classname="databuddy.databuddy.RunSanityTests"/>
  <testcase name="loginForAuctions" time="40.091" classname="databuddy.databuddy.RunSanityTests"/>
  <testcase name="placeBids" time="16.288" classname="databuddy.databuddy.RunSanityTests"/>
  <testcase name="placeOldBids" time="11.406" classname="databuddy.databuddy.RunSanityTests"/>
  <testcase name="inviteFriends" time="31.506" classname="databuddy.databuddy.RunSanityTests"/>
</testsuite> <!-- Default test -->
