<?xml version="1.0" encoding="UTF-8"?>
<testsuite xmlns:xsi="http://www.w3.org/2001/XMLSchema-instance" xsi:schemaLocation="https://maven.apache.org/surefire/maven-surefire-plugin/xsd/surefire-test-report.xsd" name="TestSuite" time="178.843" tests="5" errors="0" skipped="0" failures="0">
  <properties>
[...]
</properties>
  <testcase name="login" classname="databuddy.databuddy.RunSanityTests" time="34.714"/>
  <testcase name="loginForAuctions" classname="databuddy.databuddy.RunSanityTests" time="37.738"/>
  <testcase name="placeBids" classname="databuddy.databuddy.RunSanityTests" time="13.39"/>
  <testcase name="placeOldBids" classname="databuddy.databuddy.RunSanityTests" time="10.718"/>
  <testcase name="inviteFriends" classname="databuddy.databuddy.RunSanityTests" time="8.378"/>
</testsuite>