<?xml version="1.0" encoding="UTF-8"?>
<testng-results skipped="0" failed="0" total="5" passed="5">
  <reporter-output>
  </reporter-output>
  <suite name="Default suite" duration-ms="212328" started-at="2018-05-16T05:55:13Z" finished-at="2018-05-16T05:58:45Z">
    <groups>
    </groups>
    <test name="Default test" duration-ms="212328" started-at="2018-05-16T05:55:13Z" finished-at="2018-05-16T05:58:45Z">
      <class name="databuddy.databuddy.RunSanityTests">
        <test-method status="PASS" signature="init()[pri:0, instance:databuddy.databuddy.RunSanityTests@4a22f9e2]" name="init" is-config="true" duration-ms="64261" started-at="2018-05-16T11:25:13Z" finished-at="2018-05-16T11:26:17Z">
          <reporter-output>
          </reporter-output>
        </test-method> <!-- init -->
        <test-method status="PASS" signature="login()[pri:0, instance:databuddy.databuddy.RunSanityTests@4a22f9e2]" name="login" duration-ms="35821" started-at="2018-05-16T11:26:17Z" finished-at="2018-05-16T11:26:53Z">
          <reporter-output>
          </reporter-output>
        </test-method> <!-- login -->
        <test-method status="PASS" signature="loginForAuctions()[pri:0, instance:databuddy.databuddy.RunSanityTests@4a22f9e2]" name="loginForAuctions" duration-ms="40091" started-at="2018-05-16T11:26:53Z" finished-at="2018-05-16T11:27:33Z">
          <reporter-output>
          </reporter-output>
        </test-method> <!-- loginForAuctions -->
        <test-method status="PASS" signature="placeBids()[pri:0, instance:databuddy.databuddy.RunSanityTests@4a22f9e2]" name="placeBids" duration-ms="16288" started-at="2018-05-16T11:27:33Z" finished-at="2018-05-16T11:27:49Z">
          <reporter-output>
          </reporter-output>
        </test-method> <!-- placeBids -->
        <test-method status="PASS" signature="placeOldBids()[pri:0, instance:databuddy.databuddy.RunSanityTests@4a22f9e2]" name="placeOldBids" duration-ms="11406" started-at="2018-05-16T11:27:49Z" finished-at="2018-05-16T11:28:01Z">
          <reporter-output>
          </reporter-output>
        </test-method> <!-- placeOldBids -->
        <test-method status="PASS" signature="inviteFriends()[pri:0, instance:databuddy.databuddy.RunSanityTests@4a22f9e2]" name="inviteFriends" duration-ms="31506" started-at="2018-05-16T11:28:01Z" finished-at="2018-05-16T11:28:32Z">
          <reporter-output>
          </reporter-output>
        </test-method> <!-- inviteFriends -->
        <test-method status="PASS" signature="teardown()[pri:0, instance:databuddy.databuddy.RunSanityTests@4a22f9e2]" name="teardown" is-config="true" duration-ms="12919" started-at="2018-05-16T11:28:32Z" finished-at="2018-05-16T11:28:45Z">
          <reporter-output>
          </reporter-output>
        </test-method> <!-- teardown -->
      </class> <!-- databuddy.databuddy.RunSanityTests -->
    </test> <!-- Default test -->
  </suite> <!-- Default suite -->
</testng-results>
